  [1m[35m (2.4ms)[0m  [1m[34mSELECT sqlite_version(*)[0m
  [1m[35m (10.5ms)[0m  [1m[35mCREATE TABLE "schema_migrations" ("version" varchar NOT NULL PRIMARY KEY)[0m
  [1m[35m (2.4ms)[0m  [1m[35mCREATE TABLE "ar_internal_metadata" ("key" varchar NOT NULL PRIMARY KEY, "value" varchar, "created_at" datetime(6) NOT NULL, "updated_at" datetime(6) NOT NULL)[0m
  [1m[35m (0.2ms)[0m  [1m[34mSELECT "schema_migrations"."version" FROM "schema_migrations" ORDER BY "schema_migrations"."version" ASC[0m
Migrating to CreateUsers (20200928191524)
  [1m[35m (0.1ms)[0m  [1m[36mbegin transaction[0m
  [1m[35m (0.5ms)[0m  [1m[35mCREATE TABLE "users" ("id" integer PRIMARY KEY AUTOINCREMENT NOT NULL, "name" varchar, "username" varchar, "password_digest" varchar, "email" varchar, "created_at" datetime(6) NOT NULL, "updated_at" datetime(6) NOT NULL)[0m
  [1m[36mprimary::SchemaMigration Create (0.2ms)[0m  [1m[32mINSERT INTO "schema_migrations" ("version") VALUES (?)[0m  [["version", "20200928191524"]]
  [1m[35m (7.6ms)[0m  [1m[36mcommit transaction[0m
Migrating to CreateBillings (20200928191550)
  [1m[35m (0.1ms)[0m  [1m[36mbegin transaction[0m
  [1m[35m (1.4ms)[0m  [1m[35mCREATE TABLE "billings" ("id" integer PRIMARY KEY AUTOINCREMENT NOT NULL, "user_id" integer, "type_id" integer, "created_at" datetime(6) NOT NULL, "updated_at" datetime(6) NOT NULL)[0m
  [1m[35m (0.1ms)[0m  [1m[35mCREATE  INDEX "index_billings_on_user_id" ON "billings" ("user_id")[0m
  [1m[35m (0.2ms)[0m  [1m[35mCREATE  INDEX "index_billings_on_type_id" ON "billings" ("type_id")[0m
  [1m[36mprimary::SchemaMigration Create (0.3ms)[0m  [1m[32mINSERT INTO "schema_migrations" ("version") VALUES (?)[0m  [["version", "20200928191550"]]
  [1m[35m (1.6ms)[0m  [1m[36mcommit transaction[0m
Migrating to CreateTypes (20200928191701)
  [1m[35m (0.1ms)[0m  [1m[36mbegin transaction[0m
  [1m[35m (0.5ms)[0m  [1m[35mCREATE TABLE "types" ("id" integer PRIMARY KEY AUTOINCREMENT NOT NULL, "name" varchar, "created_at" datetime(6) NOT NULL, "updated_at" datetime(6) NOT NULL)[0m
  [1m[36mprimary::SchemaMigration Create (0.2ms)[0m  [1m[32mINSERT INTO "schema_migrations" ("version") VALUES (?)[0m  [["version", "20200928191701"]]
  [1m[35m (0.8ms)[0m  [1m[36mcommit transaction[0m
  [1m[36mActiveRecord::InternalMetadata Load (0.2ms)[0m  [1m[34mSELECT "ar_internal_metadata".* FROM "ar_internal_metadata" WHERE "ar_internal_metadata"."key" = ? LIMIT ?[0m  [["key", "environment"], ["LIMIT", 1]]
  [1m[35m (1.2ms)[0m  [1m[36mbegin transaction[0m
  [1m[36mActiveRecord::InternalMetadata Create (0.5ms)[0m  [1m[32mINSERT INTO "ar_internal_metadata" ("key", "value", "created_at", "updated_at") VALUES (?, ?, ?, ?)[0m  [["key", "environment"], ["value", "development"], ["created_at", "2020-09-28 19:20:05.660486"], ["updated_at", "2020-09-28 19:20:05.660486"]]
  [1m[35m (1.2ms)[0m  [1m[36mcommit transaction[0m
  [1m[35m (0.0ms)[0m  [1m[34mSELECT sqlite_version(*)[0m
  [1m[35m (0.2ms)[0m  [1m[34mSELECT "schema_migrations"."version" FROM "schema_migrations" ORDER BY "schema_migrations"."version" ASC[0m
  [1m[35m (7.0ms)[0m  [1m[34mSELECT sqlite_version(*)[0m
  [1m[35m (0.4ms)[0m  [1m[34mSELECT "schema_migrations"."version" FROM "schema_migrations" ORDER BY "schema_migrations"."version" ASC[0m
Migrating to AddDescriptionToBillings (20200928192353)
  [1m[35m (0.1ms)[0m  [1m[36mbegin transaction[0m
  [1m[35m (1.6ms)[0m  [1m[35mALTER TABLE "billings" ADD "description" text[0m
  [1m[36mprimary::SchemaMigration Create (2.0ms)[0m  [1m[32mINSERT INTO "schema_migrations" ("version") VALUES (?)[0m  [["version", "20200928192353"]]
  [1m[35m (0.8ms)[0m  [1m[36mcommit transaction[0m
Migrating to AddDateToBillings (20200928192411)
  [1m[35m (0.1ms)[0m  [1m[36mbegin transaction[0m
  [1m[35m (0.7ms)[0m  [1m[35mALTER TABLE "billings" ADD "date" date[0m
  [1m[36mprimary::SchemaMigration Create (0.2ms)[0m  [1m[32mINSERT INTO "schema_migrations" ("version") VALUES (?)[0m  [["version", "20200928192411"]]
  [1m[35m (2.9ms)[0m  [1m[36mcommit transaction[0m
  [1m[36mActiveRecord::InternalMetadata Load (3.3ms)[0m  [1m[34mSELECT "ar_internal_metadata".* FROM "ar_internal_metadata" WHERE "ar_internal_metadata"."key" = ? LIMIT ?[0m  [["key", "environment"], ["LIMIT", 1]]
  [1m[35m (0.1ms)[0m  [1m[34mSELECT sqlite_version(*)[0m
  [1m[35m (0.2ms)[0m  [1m[34mSELECT "schema_migrations"."version" FROM "schema_migrations" ORDER BY "schema_migrations"."version" ASC[0m
  [1m[35m (1.1ms)[0m  [1m[34mSELECT sqlite_version(*)[0m
  [1m[36mUser Load (0.5ms)[0m  [1m[34mSELECT "users".* FROM "users" LIMIT ?[0m  [["LIMIT", 11]]
  [1m[36mType Load (0.6ms)[0m  [1m[34mSELECT "types".* FROM "types" LIMIT ?[0m  [["LIMIT", 11]]
  [1m[35m (8.8ms)[0m  [1m[34mSELECT sqlite_version(*)[0m
  [1m[35m (0.8ms)[0m  [1m[34mSELECT "schema_migrations"."version" FROM "schema_migrations" ORDER BY "schema_migrations"."version" ASC[0m
Migrating to AddFixOrVarToBillings (20200928192854)
  [1m[35m (0.2ms)[0m  [1m[36mbegin transaction[0m
  [1m[35m (0.8ms)[0m  [1m[35mALTER TABLE "billings" ADD "fix_or_var" varchar[0m
  [1m[36mprimary::SchemaMigration Create (2.0ms)[0m  [1m[32mINSERT INTO "schema_migrations" ("version") VALUES (?)[0m  [["version", "20200928192854"]]
  [1m[35m (1.8ms)[0m  [1m[36mcommit transaction[0m
  [1m[36mActiveRecord::InternalMetadata Load (1.0ms)[0m  [1m[34mSELECT "ar_internal_metadata".* FROM "ar_internal_metadata" WHERE "ar_internal_metadata"."key" = ? LIMIT ?[0m  [["key", "environment"], ["LIMIT", 1]]
  [1m[35m (0.1ms)[0m  [1m[34mSELECT sqlite_version(*)[0m
  [1m[35m (0.2ms)[0m  [1m[34mSELECT "schema_migrations"."version" FROM "schema_migrations" ORDER BY "schema_migrations"."version" ASC[0m
  [1m[35m (2.1ms)[0m  [1m[34mSELECT sqlite_version(*)[0m
  [1m[35m (0.4ms)[0m  [1m[34mSELECT "schema_migrations"."version" FROM "schema_migrations" ORDER BY "schema_migrations"."version" ASC[0m
Migrating to RemoveUsernameFromUsers (20200928200724)
  [1m[35m (0.4ms)[0m  [1m[36mbegin transaction[0m
  [1m[35m (0.1ms)[0m  [1m[35mPRAGMA foreign_keys[0m
  [1m[35m (0.1ms)[0m  [1m[35mPRAGMA defer_foreign_keys[0m
  [1m[35m (0.1ms)[0m  [1m[35mPRAGMA defer_foreign_keys = ON[0m
  [1m[35m (0.1ms)[0m  [1m[35mPRAGMA foreign_keys = OFF[0m
  [1m[35m (0.3ms)[0m  [1m[35mCREATE TEMPORARY TABLE "ausers" ("id" integer NOT NULL PRIMARY KEY, "name" varchar DEFAULT NULL, "username" varchar DEFAULT NULL, "password_digest" varchar DEFAULT NULL, "email" varchar DEFAULT NULL, "created_at" datetime(6) NOT NULL, "updated_at" datetime(6) NOT NULL)[0m
  [1m[35m (0.3ms)[0m  [1m[32mINSERT INTO "ausers" ("id","name","username","password_digest","email","created_at","updated_at")
                     SELECT "id","name","username","password_digest","email","created_at","updated_at" FROM "users"[0m
  [1m[35m (16.5ms)[0m  [1m[35mDROP TABLE "users"[0m
  [1m[35m (0.1ms)[0m  [1m[35mCREATE TABLE "users" ("id" integer NOT NULL PRIMARY KEY, "name" varchar DEFAULT NULL, "password_digest" varchar DEFAULT NULL, "email" varchar DEFAULT NULL, "created_at" datetime(6) NOT NULL, "updated_at" datetime(6) NOT NULL)[0m
  [1m[35m (0.0ms)[0m  [1m[32mINSERT INTO "users" ("id","name","password_digest","email","created_at","updated_at")
                     SELECT "id","name","password_digest","email","created_at","updated_at" FROM "ausers"[0m
  [1m[35m (0.1ms)[0m  [1m[35mDROP TABLE "ausers"[0m
  [1m[35m (0.1ms)[0m  [1m[35mPRAGMA defer_foreign_keys = 0[0m
  [1m[35m (0.0ms)[0m  [1m[35mPRAGMA foreign_keys = 1[0m
  [1m[36mprimary::SchemaMigration Create (0.7ms)[0m  [1m[32mINSERT INTO "schema_migrations" ("version") VALUES (?)[0m  [["version", "20200928200724"]]
  [1m[35m (4.4ms)[0m  [1m[36mcommit transaction[0m
  [1m[36mActiveRecord::InternalMetadata Load (28.6ms)[0m  [1m[34mSELECT "ar_internal_metadata".* FROM "ar_internal_metadata" WHERE "ar_internal_metadata"."key" = ? LIMIT ?[0m  [["key", "environment"], ["LIMIT", 1]]
  [1m[35m (0.1ms)[0m  [1m[34mSELECT sqlite_version(*)[0m
  [1m[35m (0.2ms)[0m  [1m[34mSELECT "schema_migrations"."version" FROM "schema_migrations" ORDER BY "schema_migrations"."version" ASC[0m
  [1m[35m (3.4ms)[0m  [1m[34mSELECT sqlite_version(*)[0m
  [1m[36mUser Load (0.3ms)[0m  [1m[34mSELECT "users".* FROM "users" LIMIT ?[0m  [["LIMIT", 11]]
Started GET "/" for ::1 at 2020-09-28 16:19:53 -0400
  [1m[35m (2.5ms)[0m  [1m[34mSELECT sqlite_version(*)[0m
  [1m[35m (1.9ms)[0m  [1m[34mSELECT "schema_migrations"."version" FROM "schema_migrations" ORDER BY "schema_migrations"."version" ASC[0m
Processing by Rails::WelcomeController#index as HTML
  Rendering /Users/yunhaogao/.rvm/gems/ruby-2.6.1/gems/railties-6.0.3.3/lib/rails/templates/rails/welcome/index.html.erb
  Rendered /Users/yunhaogao/.rvm/gems/ruby-2.6.1/gems/railties-6.0.3.3/lib/rails/templates/rails/welcome/index.html.erb (Duration: 36.1ms | Allocations: 480)
Completed 200 OK in 148ms (Views: 51.9ms | ActiveRecord: 0.0ms | Allocations: 2864)


Started GET "/sessions/new" for ::1 at 2020-09-28 16:20:02 -0400
  
ActionController::RoutingError (No route matches [GET] "/sessions/new"):
  
actionpack (6.0.3.3) lib/action_dispatch/middleware/debug_exceptions.rb:36:in `call'
web-console (4.0.4) lib/web_console/middleware.rb:132:in `call_app'
web-console (4.0.4) lib/web_console/middleware.rb:28:in `block in call'
web-console (4.0.4) lib/web_console/middleware.rb:17:in `catch'
web-console (4.0.4) lib/web_console/middleware.rb:17:in `call'
actionpack (6.0.3.3) lib/action_dispatch/middleware/show_exceptions.rb:33:in `call'
railties (6.0.3.3) lib/rails/rack/logger.rb:37:in `call_app'
railties (6.0.3.3) lib/rails/rack/logger.rb:26:in `block in call'
activesupport (6.0.3.3) lib/active_support/tagged_logging.rb:80:in `block in tagged'
activesupport (6.0.3.3) lib/active_support/tagged_logging.rb:28:in `tagged'
activesupport (6.0.3.3) lib/active_support/tagged_logging.rb:80:in `tagged'
railties (6.0.3.3) lib/rails/rack/logger.rb:26:in `call'
sprockets-rails (3.2.2) lib/sprockets/rails/quiet_assets.rb:13:in `call'
actionpack (6.0.3.3) lib/action_dispatch/middleware/remote_ip.rb:81:in `call'
actionpack (6.0.3.3) lib/action_dispatch/middleware/request_id.rb:27:in `call'
rack (2.2.3) lib/rack/method_override.rb:24:in `call'
rack (2.2.3) lib/rack/runtime.rb:22:in `call'
activesupport (6.0.3.3) lib/active_support/cache/strategy/local_cache_middleware.rb:29:in `call'
actionpack (6.0.3.3) lib/action_dispatch/middleware/executor.rb:14:in `call'
actionpack (6.0.3.3) lib/action_dispatch/middleware/static.rb:126:in `call'
rack (2.2.3) lib/rack/sendfile.rb:110:in `call'
actionpack (6.0.3.3) lib/action_dispatch/middleware/host_authorization.rb:82:in `call'
webpacker (4.3.0) lib/webpacker/dev_server_proxy.rb:23:in `perform_request'
rack-proxy (0.6.5) lib/rack/proxy.rb:57:in `call'
railties (6.0.3.3) lib/rails/engine.rb:527:in `call'
puma (4.3.6) lib/puma/configuration.rb:228:in `call'
puma (4.3.6) lib/puma/server.rb:713:in `handle_request'
puma (4.3.6) lib/puma/server.rb:472:in `process_client'
puma (4.3.6) lib/puma/server.rb:328:in `block in run'
puma (4.3.6) lib/puma/thread_pool.rb:134:in `block in spawn_thread'
Started GET "/login" for ::1 at 2020-09-28 16:20:12 -0400
Processing by SessionsController#new as HTML
  Rendering sessions/new.html.erb within layouts/application
  Rendered sessions/new.html.erb within layouts/application (Duration: 48.8ms | Allocations: 5013)
[Webpacker] Compiling...
Started GET "/login" for ::1 at 2020-09-28 16:20:16 -0400
  [1m[35m (0.1ms)[0m  [1m[34mSELECT sqlite_version(*)[0m
Processing by SessionsController#new as HTML
  Rendering sessions/new.html.erb within layouts/application
  Rendered sessions/new.html.erb within layouts/application (Duration: 2.9ms | Allocations: 454)
[Webpacker] Compiling...
[Webpacker] Compiled all packs in /Users/yunhaogao/Flatiron/code/Mod2/project/Billings-Manager/public/packs
[Webpacker] Hash: 15d1bb7b54cf6326b9ba
Version: webpack 4.44.2
Time: 7740ms
Built at: 09/28/2020 4:20:24 PM
                                     Asset       Size       Chunks                         Chunk Names
    js/application-9afcbb5693aa87623e69.js    124 KiB  application  [emitted] [immutable]  application
js/application-9afcbb5693aa87623e69.js.map    139 KiB  application  [emitted] [dev]        application
                             manifest.json  364 bytes               [emitted]              
Entrypoint application = js/application-9afcbb5693aa87623e69.js js/application-9afcbb5693aa87623e69.js.map
[./app/javascript/channels sync recursive _channel\.js$] ./app/javascript/channels sync _channel\.js$ 160 bytes {application} [built]
[./app/javascript/channels/index.js] 211 bytes {application} [built]
[./app/javascript/packs/application.js] 749 bytes {application} [built]
[./node_modules/webpack/buildin/module.js] (webpack)/buildin/module.js 552 bytes {application} [built]
    + 3 hidden modules

Completed 200 OK in 12815ms (Views: 12810.2ms | ActiveRecord: 0.0ms | Allocations: 41306)


[Webpacker] Compiled all packs in /Users/yunhaogao/Flatiron/code/Mod2/project/Billings-Manager/public/packs
[Webpacker] Hash: 15d1bb7b54cf6326b9ba
Version: webpack 4.44.2
Time: 4043ms
Built at: 09/28/2020 4:20:26 PM
                                     Asset       Size       Chunks                         Chunk Names
    js/application-9afcbb5693aa87623e69.js    124 KiB  application  [emitted] [immutable]  application
js/application-9afcbb5693aa87623e69.js.map    139 KiB  application  [emitted] [dev]        application
                             manifest.json  364 bytes               [emitted]              
Entrypoint application = js/application-9afcbb5693aa87623e69.js js/application-9afcbb5693aa87623e69.js.map
[./app/javascript/channels sync recursive _channel\.js$] ./app/javascript/channels sync _channel\.js$ 160 bytes {application} [built]
[./app/javascript/channels/index.js] 211 bytes {application} [built]
[./app/javascript/packs/application.js] 749 bytes {application} [built]
[./node_modules/webpack/buildin/module.js] (webpack)/buildin/module.js 552 bytes {application} [built]
    + 3 hidden modules

Completed 200 OK in 10767ms (Views: 10765.6ms | ActiveRecord: 0.0ms | Allocations: 7420)


Started POST "/login" for ::1 at 2020-09-28 16:20:38 -0400
Processing by SessionsController#create as HTML
  Parameters: {"authenticity_token"=>"ebyi/YC+eV+MxjVXBvcHRFpBHG6v2kTLrIXzrz1Eyh9LSHxzdllARTRVXkYZiKH+2uwLyR+ygu3zFlst6ITpAw==", "login"=>{"email"=>"sa@asd", "password"=>"[FILTERED]"}, "commit"=>"Login"}
No template found for SessionsController#create, rendering head :no_content
Completed 204 No Content in 7ms (ActiveRecord: 0.0ms | Allocations: 1748)


Started GET "/" for ::1 at 2020-09-28 16:28:53 -0400
  [1m[35m (2.3ms)[0m  [1m[34mSELECT sqlite_version(*)[0m
  [1m[35m (0.4ms)[0m  [1m[34mSELECT "schema_migrations"."version" FROM "schema_migrations" ORDER BY "schema_migrations"."version" ASC[0m
Processing by Rails::WelcomeController#index as HTML
  Rendering /Users/yunhaogao/.rvm/gems/ruby-2.6.1/gems/railties-6.0.3.3/lib/rails/templates/rails/welcome/index.html.erb
  Rendered /Users/yunhaogao/.rvm/gems/ruby-2.6.1/gems/railties-6.0.3.3/lib/rails/templates/rails/welcome/index.html.erb (Duration: 22.3ms | Allocations: 315)
Completed 200 OK in 61ms (Views: 35.0ms | ActiveRecord: 0.0ms | Allocations: 1914)


Started GET "/" for ::1 at 2020-09-28 16:28:55 -0400
Processing by Rails::WelcomeController#index as HTML
  Rendering /Users/yunhaogao/.rvm/gems/ruby-2.6.1/gems/railties-6.0.3.3/lib/rails/templates/rails/welcome/index.html.erb
  Rendered /Users/yunhaogao/.rvm/gems/ruby-2.6.1/gems/railties-6.0.3.3/lib/rails/templates/rails/welcome/index.html.erb (Duration: 10.4ms | Allocations: 191)
Completed 200 OK in 25ms (Views: 23.6ms | ActiveRecord: 0.0ms | Allocations: 1765)


Started GET "/users/new" for ::1 at 2020-09-28 16:29:01 -0400
  
SyntaxError (/Users/yunhaogao/Flatiron/code/Mod2/project/Billings-Manager/app/controllers/users_controller.rb:13: syntax error, unexpected tIDENTIFIER, expecting end
...t_to controller: 'users' action: 'new' unless user.save
...                         ^~~~~~):
  
app/controllers/users_controller.rb:13: syntax error, unexpected tIDENTIFIER, expecting end
app/controllers/users_controller.rb:13: syntax error, unexpected tIDENTIFIER, expecting end
app/controllers/users_controller.rb:13: syntax error, unexpected tIDENTIFIER, expecting end
Started GET "/users/new" for ::1 at 2020-09-28 16:29:21 -0400
  [1m[35m (0.1ms)[0m  [1m[34mSELECT sqlite_version(*)[0m
Processing by UsersController#show as HTML
  Parameters: {"id"=>"new"}
Completed 406 Not Acceptable in 7ms (ActiveRecord: 0.0ms | Allocations: 2056)


  
ActionController::MissingExactTemplate (UsersController#show is missing a template for request formats: text/html):
  
actionpack (6.0.3.3) lib/action_controller/metal/implicit_render.rb:45:in `default_render'
actionpack (6.0.3.3) lib/action_controller/metal/basic_implicit_render.rb:6:in `block in send_action'
actionpack (6.0.3.3) lib/action_controller/metal/basic_implicit_render.rb:6:in `tap'
actionpack (6.0.3.3) lib/action_controller/metal/basic_implicit_render.rb:6:in `send_action'
actionpack (6.0.3.3) lib/abstract_controller/base.rb:195:in `process_action'
actionpack (6.0.3.3) lib/action_controller/metal/rendering.rb:30:in `process_action'
actionpack (6.0.3.3) lib/abstract_controller/callbacks.rb:42:in `block in process_action'
activesupport (6.0.3.3) lib/active_support/callbacks.rb:135:in `run_callbacks'
actionpack (6.0.3.3) lib/abstract_controller/callbacks.rb:41:in `process_action'
actionpack (6.0.3.3) lib/action_controller/metal/rescue.rb:22:in `process_action'
actionpack (6.0.3.3) lib/action_controller/metal/instrumentation.rb:33:in `block in process_action'
activesupport (6.0.3.3) lib/active_support/notifications.rb:180:in `block in instrument'
activesupport (6.0.3.3) lib/active_support/notifications/instrumenter.rb:24:in `instrument'
activesupport (6.0.3.3) lib/active_support/notifications.rb:180:in `instrument'
actionpack (6.0.3.3) lib/action_controller/metal/instrumentation.rb:32:in `process_action'
actionpack (6.0.3.3) lib/action_controller/metal/params_wrapper.rb:245:in `process_action'
activerecord (6.0.3.3) lib/active_record/railties/controller_runtime.rb:27:in `process_action'
actionpack (6.0.3.3) lib/abstract_controller/base.rb:136:in `process'
actionview (6.0.3.3) lib/action_view/rendering.rb:39:in `process'
actionpack (6.0.3.3) lib/action_controller/metal.rb:190:in `dispatch'
actionpack (6.0.3.3) lib/action_controller/metal.rb:254:in `dispatch'
actionpack (6.0.3.3) lib/action_dispatch/routing/route_set.rb:50:in `dispatch'
actionpack (6.0.3.3) lib/action_dispatch/routing/route_set.rb:33:in `serve'
actionpack (6.0.3.3) lib/action_dispatch/journey/router.rb:49:in `block in serve'
actionpack (6.0.3.3) lib/action_dispatch/journey/router.rb:32:in `each'
actionpack (6.0.3.3) lib/action_dispatch/journey/router.rb:32:in `serve'
actionpack (6.0.3.3) lib/action_dispatch/routing/route_set.rb:834:in `call'
rack (2.2.3) lib/rack/tempfile_reaper.rb:15:in `call'
rack (2.2.3) lib/rack/etag.rb:27:in `call'
rack (2.2.3) lib/rack/conditional_get.rb:27:in `call'
rack (2.2.3) lib/rack/head.rb:12:in `call'
actionpack (6.0.3.3) lib/action_dispatch/http/content_security_policy.rb:18:in `call'
rack (2.2.3) lib/rack/session/abstract/id.rb:266:in `context'
rack (2.2.3) lib/rack/session/abstract/id.rb:260:in `call'
actionpack (6.0.3.3) lib/action_dispatch/middleware/cookies.rb:648:in `call'
activerecord (6.0.3.3) lib/active_record/migration.rb:567:in `call'
actionpack (6.0.3.3) lib/action_dispatch/middleware/callbacks.rb:27:in `block in call'
activesupport (6.0.3.3) lib/active_support/callbacks.rb:101:in `run_callbacks'
actionpack (6.0.3.3) lib/action_dispatch/middleware/callbacks.rb:26:in `call'
actionpack (6.0.3.3) lib/action_dispatch/middleware/executor.rb:14:in `call'
actionpack (6.0.3.3) lib/action_dispatch/middleware/actionable_exceptions.rb:17:in `call'
actionpack (6.0.3.3) lib/action_dispatch/middleware/debug_exceptions.rb:32:in `call'
web-console (4.0.4) lib/web_console/middleware.rb:132:in `call_app'
web-console (4.0.4) lib/web_console/middleware.rb:28:in `block in call'
web-console (4.0.4) lib/web_console/middleware.rb:17:in `catch'
web-console (4.0.4) lib/web_console/middleware.rb:17:in `call'
actionpack (6.0.3.3) lib/action_dispatch/middleware/show_exceptions.rb:33:in `call'
railties (6.0.3.3) lib/rails/rack/logger.rb:37:in `call_app'
railties (6.0.3.3) lib/rails/rack/logger.rb:26:in `block in call'
activesupport (6.0.3.3) lib/active_support/tagged_logging.rb:80:in `block in tagged'
activesupport (6.0.3.3) lib/active_support/tagged_logging.rb:28:in `tagged'
activesupport (6.0.3.3) lib/active_support/tagged_logging.rb:80:in `tagged'
railties (6.0.3.3) lib/rails/rack/logger.rb:26:in `call'
sprockets-rails (3.2.2) lib/sprockets/rails/quiet_assets.rb:13:in `call'
actionpack (6.0.3.3) lib/action_dispatch/middleware/remote_ip.rb:81:in `call'
actionpack (6.0.3.3) lib/action_dispatch/middleware/request_id.rb:27:in `call'
rack (2.2.3) lib/rack/method_override.rb:24:in `call'
rack (2.2.3) lib/rack/runtime.rb:22:in `call'
activesupport (6.0.3.3) lib/active_support/cache/strategy/local_cache_middleware.rb:29:in `call'
actionpack (6.0.3.3) lib/action_dispatch/middleware/executor.rb:14:in `call'
actionpack (6.0.3.3) lib/action_dispatch/middleware/static.rb:126:in `call'
rack (2.2.3) lib/rack/sendfile.rb:110:in `call'
actionpack (6.0.3.3) lib/action_dispatch/middleware/host_authorization.rb:82:in `call'
webpacker (4.3.0) lib/webpacker/dev_server_proxy.rb:23:in `perform_request'
rack-proxy (0.6.5) lib/rack/proxy.rb:57:in `call'
railties (6.0.3.3) lib/rails/engine.rb:527:in `call'
puma (4.3.6) lib/puma/configuration.rb:228:in `call'
puma (4.3.6) lib/puma/server.rb:713:in `handle_request'
puma (4.3.6) lib/puma/server.rb:472:in `process_client'
puma (4.3.6) lib/puma/server.rb:328:in `block in run'
puma (4.3.6) lib/puma/thread_pool.rb:134:in `block in spawn_thread'
Started GET "/users/new" for ::1 at 2020-09-28 16:29:41 -0400
Processing by UsersController#show as HTML
  Parameters: {"id"=>"new"}
  Rendering users/show.html.erb within layouts/application
  Rendered users/show.html.erb within layouts/application (Duration: 0.3ms | Allocations: 73)
[Webpacker] Everything's up-to-date. Nothing to do
Completed 200 OK in 60ms (Views: 58.2ms | ActiveRecord: 0.0ms | Allocations: 8191)


Started GET "/users/new" for ::1 at 2020-09-28 16:29:45 -0400
Processing by UsersController#show as HTML
  Parameters: {"id"=>"new"}
  Rendering users/show.html.erb within layouts/application
  Rendered users/show.html.erb within layouts/application (Duration: 0.0ms | Allocations: 4)
[Webpacker] Everything's up-to-date. Nothing to do
Completed 200 OK in 6ms (Views: 5.4ms | ActiveRecord: 0.0ms | Allocations: 4146)


Started GET "/users/new" for ::1 at 2020-09-28 16:29:57 -0400
Processing by UsersController#show as HTML
  Parameters: {"id"=>"new"}
  Rendering users/show.html.erb within layouts/application
  Rendered users/show.html.erb within layouts/application (Duration: 0.0ms | Allocations: 4)
[Webpacker] Everything's up-to-date. Nothing to do
Completed 200 OK in 19ms (Views: 18.0ms | ActiveRecord: 0.0ms | Allocations: 4144)


Started GET "/users/new" for ::1 at 2020-09-28 16:30:07 -0400
Processing by UsersController#show as HTML
  Parameters: {"id"=>"new"}
  Rendering users/show.html.erb within layouts/application
  Rendered users/show.html.erb within layouts/application (Duration: 0.4ms | Allocations: 84)
[Webpacker] Everything's up-to-date. Nothing to do
Completed 200 OK in 30ms (Views: 14.3ms | ActiveRecord: 0.0ms | Allocations: 5159)


Started GET "/users" for ::1 at 2020-09-28 16:31:26 -0400
  
ActionController::RoutingError (No route matches [GET] "/users"):
  
actionpack (6.0.3.3) lib/action_dispatch/middleware/debug_exceptions.rb:36:in `call'
web-console (4.0.4) lib/web_console/middleware.rb:132:in `call_app'
web-console (4.0.4) lib/web_console/middleware.rb:28:in `block in call'
web-console (4.0.4) lib/web_console/middleware.rb:17:in `catch'
web-console (4.0.4) lib/web_console/middleware.rb:17:in `call'
actionpack (6.0.3.3) lib/action_dispatch/middleware/show_exceptions.rb:33:in `call'
railties (6.0.3.3) lib/rails/rack/logger.rb:37:in `call_app'
railties (6.0.3.3) lib/rails/rack/logger.rb:26:in `block in call'
activesupport (6.0.3.3) lib/active_support/tagged_logging.rb:80:in `block in tagged'
activesupport (6.0.3.3) lib/active_support/tagged_logging.rb:28:in `tagged'
activesupport (6.0.3.3) lib/active_support/tagged_logging.rb:80:in `tagged'
railties (6.0.3.3) lib/rails/rack/logger.rb:26:in `call'
sprockets-rails (3.2.2) lib/sprockets/rails/quiet_assets.rb:13:in `call'
actionpack (6.0.3.3) lib/action_dispatch/middleware/remote_ip.rb:81:in `call'
actionpack (6.0.3.3) lib/action_dispatch/middleware/request_id.rb:27:in `call'
rack (2.2.3) lib/rack/method_override.rb:24:in `call'
rack (2.2.3) lib/rack/runtime.rb:22:in `call'
activesupport (6.0.3.3) lib/active_support/cache/strategy/local_cache_middleware.rb:29:in `call'
actionpack (6.0.3.3) lib/action_dispatch/middleware/executor.rb:14:in `call'
actionpack (6.0.3.3) lib/action_dispatch/middleware/static.rb:126:in `call'
rack (2.2.3) lib/rack/sendfile.rb:110:in `call'
actionpack (6.0.3.3) lib/action_dispatch/middleware/host_authorization.rb:82:in `call'
webpacker (4.3.0) lib/webpacker/dev_server_proxy.rb:23:in `perform_request'
rack-proxy (0.6.5) lib/rack/proxy.rb:57:in `call'
railties (6.0.3.3) lib/rails/engine.rb:527:in `call'
puma (4.3.6) lib/puma/configuration.rb:228:in `call'
puma (4.3.6) lib/puma/server.rb:713:in `handle_request'
puma (4.3.6) lib/puma/server.rb:472:in `process_client'
puma (4.3.6) lib/puma/server.rb:328:in `block in run'
puma (4.3.6) lib/puma/thread_pool.rb:134:in `block in spawn_thread'
Started GET "/signup" for ::1 at 2020-09-28 16:31:52 -0400
Processing by UsersController#new as HTML
  Rendering users/new.html.erb within layouts/application
  Rendered users/new.html.erb within layouts/application (Duration: 12.3ms | Allocations: 5795)
[Webpacker] Everything's up-to-date. Nothing to do
Completed 200 OK in 40ms (Views: 39.2ms | ActiveRecord: 0.0ms | Allocations: 9976)


Started POST "/signup" for ::1 at 2020-09-28 16:32:13 -0400
Processing by UsersController#create as HTML
  Parameters: {"authenticity_token"=>"teNWxZ1B1qqCDcZDovJGaW+g+GaQyHtyH2zOP9SGXDOHF4hLa6bvsDqerVK9jeDT7w3vwSCgvVRA/2a9AUZ/Lw==", "/signup"=>{"name"=>"Yunhao Gao", "email"=>"as510891328@gmail.com", "password"=>"[FILTERED]", "password_confirmation"=>"[FILTERED]"}, "commit"=>"Sign Up"}
Completed 400 Bad Request in 7ms (ActiveRecord: 0.0ms | Allocations: 2557)


  
ActionController::ParameterMissing (param is missing or the value is empty: user):
  
app/controllers/users_controller.rb:30:in `signup_params'
app/controllers/users_controller.rb:12:in `create'
Started POST "/signup" for ::1 at 2020-09-28 16:32:56 -0400
  [1m[35m (0.1ms)[0m  [1m[34mSELECT sqlite_version(*)[0m
Processing by UsersController#create as HTML
  Parameters: {"authenticity_token"=>"teNWxZ1B1qqCDcZDovJGaW+g+GaQyHtyH2zOP9SGXDOHF4hLa6bvsDqerVK9jeDT7w3vwSCgvVRA/2a9AUZ/Lw==", "/signup"=>{"name"=>"Yunhao Gao", "email"=>"as510891328@gmail.com", "password"=>"[FILTERED]", "password_confirmation"=>"[FILTERED]"}, "commit"=>"Sign Up"}
Completed 400 Bad Request in 6ms (ActiveRecord: 0.0ms | Allocations: 2154)


  
ActionController::ParameterMissing (param is missing or the value is empty: user):
  
app/controllers/users_controller.rb:30:in `signup_params'
app/controllers/users_controller.rb:12:in `create'
Started POST "/signup" for ::1 at 2020-09-28 16:33:45 -0400
Processing by UsersController#create as HTML
  Parameters: {"authenticity_token"=>"teNWxZ1B1qqCDcZDovJGaW+g+GaQyHtyH2zOP9SGXDOHF4hLa6bvsDqerVK9jeDT7w3vwSCgvVRA/2a9AUZ/Lw==", "/signup"=>{"name"=>"Yunhao Gao", "email"=>"as510891328@gmail.com", "password"=>"[FILTERED]", "password_confirmation"=>"[FILTERED]"}, "commit"=>"Sign Up"}
Completed 400 Bad Request in 4ms (ActiveRecord: 0.0ms | Allocations: 732)


  
ActionController::ParameterMissing (param is missing or the value is empty: user):
  
app/controllers/users_controller.rb:30:in `signup_params'
app/controllers/users_controller.rb:12:in `create'
Started POST "/signup" for ::1 at 2020-09-28 16:33:52 -0400
Processing by UsersController#create as HTML
  Parameters: {"authenticity_token"=>"teNWxZ1B1qqCDcZDovJGaW+g+GaQyHtyH2zOP9SGXDOHF4hLa6bvsDqerVK9jeDT7w3vwSCgvVRA/2a9AUZ/Lw==", "/signup"=>{"name"=>"Yunhao Gao", "email"=>"as510891328@gmail.com", "password"=>"[FILTERED]", "password_confirmation"=>"[FILTERED]"}, "commit"=>"Sign Up"}
Completed 400 Bad Request in 2ms (ActiveRecord: 0.0ms | Allocations: 732)


  
ActionController::ParameterMissing (param is missing or the value is empty: user):
  
app/controllers/users_controller.rb:30:in `signup_params'
app/controllers/users_controller.rb:12:in `create'
Started GET "/users/new" for ::1 at 2020-09-28 16:34:08 -0400
Processing by UsersController#show as HTML
  Parameters: {"id"=>"new"}
  Rendering users/show.html.erb within layouts/application
  Rendered users/show.html.erb within layouts/application (Duration: 0.7ms | Allocations: 78)
[Webpacker] Everything's up-to-date. Nothing to do
Completed 200 OK in 40ms (Views: 38.7ms | ActiveRecord: 0.0ms | Allocations: 5142)


Started GET "/signup" for ::1 at 2020-09-28 16:34:13 -0400
Processing by UsersController#new as HTML
  Rendering users/new.html.erb within layouts/application
  Rendered users/new.html.erb within layouts/application (Duration: 1.2ms | Allocations: 1144)
Completed 500 Internal Server Error in 3ms (ActiveRecord: 0.0ms | Allocations: 1807)


  
ActionView::Template::Error (First argument in form cannot contain nil or be empty):
    1: <%= form_for @user do |f| %>
    2: <div class="field_with_errors">
    3:   <%= f.label :name %>
    4:   <%= f.text_field :name %>
  
app/views/users/new.html.erb:1
Started GET "/signup" for ::1 at 2020-09-28 16:35:10 -0400
  [1m[35m (0.1ms)[0m  [1m[34mSELECT sqlite_version(*)[0m
Processing by UsersController#new as HTML
  Rendering users/new.html.erb within layouts/application
  Rendered users/new.html.erb within layouts/application (Duration: 995.4ms | Allocations: 74596)
Completed 500 Internal Server Error in 1024ms (ActiveRecord: 0.8ms | Allocations: 81212)


  
ActionView::Template::Error (undefined method `users_path' for #<#<Class:0x00007f8e2139f6f0>:0x00007f8e213a6f18>
Did you mean?  user_path):
    1: <%= form_for @user do |f| %>
    2: <div class="field_with_errors">
    3:   <%= f.label :name %>
    4:   <%= f.text_field :name %>
  
app/views/users/new.html.erb:1
Started POST "/__web_console/repl_sessions/1fcb619549248424dfbe077e359099d9/trace" for ::1 at 2020-09-28 16:35:47 -0400
Started GET "/signup" for ::1 at 2020-09-28 16:37:15 -0400
  [1m[35m (0.1ms)[0m  [1m[34mSELECT sqlite_version(*)[0m
Processing by UsersController#new as HTML
  Rendering users/new.html.erb within layouts/application
  Rendered users/new.html.erb within layouts/application (Duration: 4.0ms | Allocations: 1420)
[Webpacker] Everything's up-to-date. Nothing to do
Completed 200 OK in 157ms (Views: 151.7ms | ActiveRecord: 0.0ms | Allocations: 6450)


Started POST "/signup" for ::1 at 2020-09-28 16:37:25 -0400
Processing by UsersController#create as HTML
  Parameters: {"authenticity_token"=>"rF4fSYKm+My4a9wO51lZiv45qIbcrD2+9Pg+V8BOaBCeqsHHdEHB1gD4tx/4Jv8wfpS/IWzE+5ira5bVFY5LDA==", "user"=>{"name"=>"Yunhao Gao", "email"=>"as510891328@gmail.com", "password"=>"[FILTERED]", "password_confirmation"=>"[FILTERED]"}, "commit"=>"Sign Up"}
  [1m[35m (0.1ms)[0m  [1m[36mbegin transaction[0m
  ↳ app/controllers/users_controller.rb:12:in `create'
  [1m[36mUser Exists? (0.5ms)[0m  [1m[34mSELECT 1 AS one FROM "users" WHERE "users"."email" = ? LIMIT ?[0m  [["email", "as510891328@gmail.com"], ["LIMIT", 1]]
  ↳ app/controllers/users_controller.rb:12:in `create'
  [1m[35m (0.0ms)[0m  [1m[31mrollback transaction[0m
  ↳ app/controllers/users_controller.rb:12:in `create'
  [1m[35m (0.1ms)[0m  [1m[36mbegin transaction[0m
  ↳ app/controllers/users_controller.rb:13:in `create'
  [1m[36mUser Exists? (0.2ms)[0m  [1m[34mSELECT 1 AS one FROM "users" WHERE "users"."email" = ? LIMIT ?[0m  [["email", "as510891328@gmail.com"], ["LIMIT", 1]]
  ↳ app/controllers/users_controller.rb:13:in `create'
  [1m[35m (0.1ms)[0m  [1m[31mrollback transaction[0m
  ↳ app/controllers/users_controller.rb:13:in `create'
Redirected to http://localhost:3000/signup
Completed 302 Found in 367ms (ActiveRecord: 1.6ms | Allocations: 13785)


Started GET "/signup" for ::1 at 2020-09-28 16:37:26 -0400
Processing by UsersController#new as HTML
  Rendering users/new.html.erb within layouts/application
  Rendered users/new.html.erb within layouts/application (Duration: 0.9ms | Allocations: 670)
[Webpacker] Everything's up-to-date. Nothing to do
Completed 200 OK in 64ms (Views: 61.5ms | ActiveRecord: 0.0ms | Allocations: 4806)


Started POST "/signup" for ::1 at 2020-09-28 16:37:36 -0400
Processing by UsersController#create as HTML
  Parameters: {"authenticity_token"=>"7Rc8xhInNRaSqZQ1Q5hUd4oFSXAKvRTmwCzwYweyPtrf4+JI5MAMDCo6/yRc5/LNCqhe17rV0sCfv1jh0nIdxg==", "user"=>{"name"=>"Yunhao Gao", "email"=>"as510891328@gmail.com", "password"=>"[FILTERED]", "password_confirmation"=>"[FILTERED]"}, "commit"=>"Sign Up"}
  [1m[35m (0.1ms)[0m  [1m[36mbegin transaction[0m
  ↳ app/controllers/users_controller.rb:12:in `create'
  [1m[36mUser Exists? (0.2ms)[0m  [1m[34mSELECT 1 AS one FROM "users" WHERE "users"."email" = ? LIMIT ?[0m  [["email", "as510891328@gmail.com"], ["LIMIT", 1]]
  ↳ app/controllers/users_controller.rb:12:in `create'
  [1m[36mUser Create (0.4ms)[0m  [1m[32mINSERT INTO "users" ("name", "password_digest", "email", "created_at", "updated_at") VALUES (?, ?, ?, ?, ?)[0m  [["name", "Yunhao Gao"], ["password_digest", "$2a$12$L7Ar.HWlqKvhpfgbvUas8OQKiNgtaSatnZ5DKWMO6Hlm4v7el.HsW"], ["email", "as510891328@gmail.com"], ["created_at", "2020-09-28 20:37:36.935063"], ["updated_at", "2020-09-28 20:37:36.935063"]]
  ↳ app/controllers/users_controller.rb:12:in `create'
  [1m[35m (2.2ms)[0m  [1m[36mcommit transaction[0m
  ↳ app/controllers/users_controller.rb:12:in `create'
  [1m[35m (0.1ms)[0m  [1m[36mbegin transaction[0m
  ↳ app/controllers/users_controller.rb:13:in `create'
  [1m[36mUser Exists? (14.5ms)[0m  [1m[34mSELECT 1 AS one FROM "users" WHERE "users"."email" = ? AND "users"."id" != ? LIMIT ?[0m  [["email", "as510891328@gmail.com"], ["id", 1], ["LIMIT", 1]]
  ↳ app/controllers/users_controller.rb:13:in `create'
  [1m[35m (0.1ms)[0m  [1m[36mcommit transaction[0m
  ↳ app/controllers/users_controller.rb:13:in `create'
No template found for UsersController#create, rendering head :no_content
Completed 204 No Content in 367ms (ActiveRecord: 17.4ms | Allocations: 8184)


Started GET "/signup" for ::1 at 2020-09-28 16:41:03 -0400
Processing by UsersController#new as HTML
  Rendering users/new.html.erb within layouts/application
  Rendered users/new.html.erb within layouts/application (Duration: 3.5ms | Allocations: 2146)
Completed 500 Internal Server Error in 7ms (ActiveRecord: 0.0ms | Allocations: 3398)


  
ActionView::Template::Error (undefined method `errors' for "user":String):
    1: <%= form_for 'user' do |f| %>
    2: <% 'user'.errors.full_message.each do |msg| %>
    3: <ul>
    4:   <li><%= msg %></li>
    5: </ul>
  
app/views/users/new.html.erb:2
app/views/users/new.html.erb:1
Started GET "/signup" for ::1 at 2020-09-28 16:41:19 -0400
Processing by UsersController#new as HTML
  Rendering users/new.html.erb within layouts/application
  Rendered users/new.html.erb within layouts/application (Duration: 518.8ms | Allocations: 147444)
Completed 500 Internal Server Error in 533ms (ActiveRecord: 0.0ms | Allocations: 148698)


  
ActionView::Template::Error (undefined local variable or method `user' for #<#<Class:0x00007f8e21a2bf28>:0x00007f8e21a29278>
Did you mean?  super):
    1: <%= form_for 'user' do |f| %>
    2: <% user.errors.full_message.each do |msg| %>
    3: <ul>
    4:   <li><%= msg %></li>
    5: </ul>
  
app/views/users/new.html.erb:2
app/views/users/new.html.erb:1
Started GET "/signup" for ::1 at 2020-09-28 16:41:50 -0400
Processing by UsersController#new as HTML
  Rendering users/new.html.erb within layouts/application
  Rendered users/new.html.erb within layouts/application (Duration: 331.5ms | Allocations: 73694)
Completed 500 Internal Server Error in 335ms (ActiveRecord: 0.0ms | Allocations: 74948)


  
ActionView::Template::Error (undefined method `errors' for #<ActionView::Helpers::FormBuilder:0x00007f8e213f3d90>):
    1: <%= form_for 'user' do |f| %>
    2: <% f.errors.full_message.each do |msg| %>
    3: <ul>
    4:   <li><%= msg %></li>
    5: </ul>
  
app/views/users/new.html.erb:2
app/views/users/new.html.erb:1
Started GET "/signup" for ::1 at 2020-09-28 16:43:59 -0400
Processing by UsersController#new as HTML
  Rendering users/new.html.erb within layouts/application
  Rendered users/new.html.erb within layouts/application (Duration: 260.3ms | Allocations: 73701)
Completed 500 Internal Server Error in 267ms (ActiveRecord: 0.0ms | Allocations: 74976)


  
ActionView::Template::Error (undefined method `error_messages' for #<ActionView::Helpers::FormBuilder:0x00007f8e223798f0>):
    1: <%= form_for 'user' do |f| %>
    2: <% f.error_messages.each do |msg| %>
    3: <ul>
    4:   <li><%= msg %></li>
    5: </ul>
  
app/views/users/new.html.erb:2
app/views/users/new.html.erb:1
Started GET "/signup" for ::1 at 2020-09-28 16:47:27 -0400
  [1m[35m (1.6ms)[0m  [1m[34mSELECT sqlite_version(*)[0m
  [1m[35m (0.4ms)[0m  [1m[34mSELECT "schema_migrations"."version" FROM "schema_migrations" ORDER BY "schema_migrations"."version" ASC[0m
Processing by UsersController#new as HTML
  Rendering users/new.html.erb within layouts/application
  Rendered users/new.html.erb within layouts/application (Duration: 37.1ms | Allocations: 7775)
Completed 500 Internal Server Error in 92ms (ActiveRecord: 1.9ms | Allocations: 9799)


  
ActionView::Template::Error (can't write unknown attribute `html`):
    1: <%= form_for @user, User.new do |f| %>
    2: <div class="field_with_errors">
    3:   <%= f.label :name %>
    4:   <%= f.text_field :name %>
  
app/views/users/new.html.erb:1
Started GET "/signup" for ::1 at 2020-09-28 16:47:29 -0400
Processing by UsersController#new as HTML
  Rendering users/new.html.erb within layouts/application
  Rendered users/new.html.erb within layouts/application (Duration: 0.8ms | Allocations: 951)
Completed 500 Internal Server Error in 2ms (ActiveRecord: 0.0ms | Allocations: 1476)


  
ActionView::Template::Error (can't write unknown attribute `html`):
    1: <%= form_for @user, User.new do |f| %>
    2: <div class="field_with_errors">
    3:   <%= f.label :name %>
    4:   <%= f.text_field :name %>
  
app/views/users/new.html.erb:1
Started GET "/signup" for ::1 at 2020-09-28 16:47:46 -0400
Processing by UsersController#new as HTML
  Rendering users/new.html.erb within layouts/application
  Rendered users/new.html.erb within layouts/application (Duration: 1.1ms | Allocations: 1151)
Completed 500 Internal Server Error in 5ms (ActiveRecord: 0.0ms | Allocations: 2415)


  
ActionView::Template::Error (First argument in form cannot contain nil or be empty):
    1: <%= form_for @user do |f| %>
    2: <div class="field_with_errors">
    3:   <%= f.label :name %>
    4:   <%= f.text_field :name %>
  
app/views/users/new.html.erb:1
Started GET "/signup" for ::1 at 2020-09-28 16:48:50 -0400
  [1m[35m (0.1ms)[0m  [1m[34mSELECT sqlite_version(*)[0m
Processing by UsersController#new as HTML
  Rendering users/new.html.erb within layouts/application
  Rendered users/new.html.erb within layouts/application (Duration: 942.7ms | Allocations: 73414)
Completed 500 Internal Server Error in 953ms (ActiveRecord: 0.8ms | Allocations: 79781)


  
ActionView::Template::Error (undefined method `users_path' for #<#<Class:0x00007fe8832af0d0>:0x00007fe88225e028>
Did you mean?  user_path):
    1: <%= form_for @user do |f| %>
    2: <div class="field_with_errors">
    3:   <%= f.label :name %>
    4:   <%= f.text_field :name %>
  
app/views/users/new.html.erb:1
Started GET "/signup" for ::1 at 2020-09-28 16:48:51 -0400
  [1m[35m (0.1ms)[0m  [1m[34mSELECT sqlite_version(*)[0m
Processing by UsersController#new as HTML
  Rendering users/new.html.erb within layouts/application
  Rendered users/new.html.erb within layouts/application (Duration: 196.6ms | Allocations: 73786)
Completed 500 Internal Server Error in 198ms (ActiveRecord: 0.0ms | Allocations: 74329)


  
ActionView::Template::Error (undefined method `users_path' for #<#<Class:0x00007fe8832af0d0>:0x00007fe883d132b0>
Did you mean?  user_path):
    1: <%= form_for @user do |f| %>
    2: <div class="field_with_errors">
    3:   <%= f.label :name %>
    4:   <%= f.text_field :name %>
  
app/views/users/new.html.erb:1
Started GET "/signup" for ::1 at 2020-09-28 16:49:36 -0400
  [1m[35m (1.2ms)[0m  [1m[34mSELECT sqlite_version(*)[0m
Processing by UsersController#new as HTML
  Rendering users/new.html.erb within layouts/application
  Rendered users/new.html.erb within layouts/application (Duration: 32.7ms | Allocations: 2781)
[Webpacker] Everything's up-to-date. Nothing to do
Completed 200 OK in 246ms (Views: 170.9ms | ActiveRecord: 8.8ms | Allocations: 15913)


Started GET "/users" for ::1 at 2020-09-28 16:49:56 -0400
  [1m[35m (0.1ms)[0m  [1m[34mSELECT sqlite_version(*)[0m
Processing by UsersController#index as HTML
Completed 406 Not Acceptable in 6ms (ActiveRecord: 0.0ms | Allocations: 1995)


  
ActionController::MissingExactTemplate (UsersController#index is missing a template for request formats: text/html):
  
actionpack (6.0.3.3) lib/action_controller/metal/implicit_render.rb:45:in `default_render'
actionpack (6.0.3.3) lib/action_controller/metal/basic_implicit_render.rb:6:in `block in send_action'
actionpack (6.0.3.3) lib/action_controller/metal/basic_implicit_render.rb:6:in `tap'
actionpack (6.0.3.3) lib/action_controller/metal/basic_implicit_render.rb:6:in `send_action'
actionpack (6.0.3.3) lib/abstract_controller/base.rb:195:in `process_action'
actionpack (6.0.3.3) lib/action_controller/metal/rendering.rb:30:in `process_action'
actionpack (6.0.3.3) lib/abstract_controller/callbacks.rb:42:in `block in process_action'
activesupport (6.0.3.3) lib/active_support/callbacks.rb:135:in `run_callbacks'
actionpack (6.0.3.3) lib/abstract_controller/callbacks.rb:41:in `process_action'
actionpack (6.0.3.3) lib/action_controller/metal/rescue.rb:22:in `process_action'
actionpack (6.0.3.3) lib/action_controller/metal/instrumentation.rb:33:in `block in process_action'
activesupport (6.0.3.3) lib/active_support/notifications.rb:180:in `block in instrument'
activesupport (6.0.3.3) lib/active_support/notifications/instrumenter.rb:24:in `instrument'
activesupport (6.0.3.3) lib/active_support/notifications.rb:180:in `instrument'
actionpack (6.0.3.3) lib/action_controller/metal/instrumentation.rb:32:in `process_action'
actionpack (6.0.3.3) lib/action_controller/metal/params_wrapper.rb:245:in `process_action'
activerecord (6.0.3.3) lib/active_record/railties/controller_runtime.rb:27:in `process_action'
actionpack (6.0.3.3) lib/abstract_controller/base.rb:136:in `process'
actionview (6.0.3.3) lib/action_view/rendering.rb:39:in `process'
actionpack (6.0.3.3) lib/action_controller/metal.rb:190:in `dispatch'
actionpack (6.0.3.3) lib/action_controller/metal.rb:254:in `dispatch'
actionpack (6.0.3.3) lib/action_dispatch/routing/route_set.rb:50:in `dispatch'
actionpack (6.0.3.3) lib/action_dispatch/routing/route_set.rb:33:in `serve'
actionpack (6.0.3.3) lib/action_dispatch/journey/router.rb:49:in `block in serve'
actionpack (6.0.3.3) lib/action_dispatch/journey/router.rb:32:in `each'
actionpack (6.0.3.3) lib/action_dispatch/journey/router.rb:32:in `serve'
actionpack (6.0.3.3) lib/action_dispatch/routing/route_set.rb:834:in `call'
rack (2.2.3) lib/rack/tempfile_reaper.rb:15:in `call'
rack (2.2.3) lib/rack/etag.rb:27:in `call'
rack (2.2.3) lib/rack/conditional_get.rb:27:in `call'
rack (2.2.3) lib/rack/head.rb:12:in `call'
actionpack (6.0.3.3) lib/action_dispatch/http/content_security_policy.rb:18:in `call'
rack (2.2.3) lib/rack/session/abstract/id.rb:266:in `context'
rack (2.2.3) lib/rack/session/abstract/id.rb:260:in `call'
actionpack (6.0.3.3) lib/action_dispatch/middleware/cookies.rb:648:in `call'
activerecord (6.0.3.3) lib/active_record/migration.rb:567:in `call'
actionpack (6.0.3.3) lib/action_dispatch/middleware/callbacks.rb:27:in `block in call'
activesupport (6.0.3.3) lib/active_support/callbacks.rb:101:in `run_callbacks'
actionpack (6.0.3.3) lib/action_dispatch/middleware/callbacks.rb:26:in `call'
actionpack (6.0.3.3) lib/action_dispatch/middleware/executor.rb:14:in `call'
actionpack (6.0.3.3) lib/action_dispatch/middleware/actionable_exceptions.rb:17:in `call'
actionpack (6.0.3.3) lib/action_dispatch/middleware/debug_exceptions.rb:32:in `call'
web-console (4.0.4) lib/web_console/middleware.rb:132:in `call_app'
web-console (4.0.4) lib/web_console/middleware.rb:28:in `block in call'
web-console (4.0.4) lib/web_console/middleware.rb:17:in `catch'
web-console (4.0.4) lib/web_console/middleware.rb:17:in `call'
actionpack (6.0.3.3) lib/action_dispatch/middleware/show_exceptions.rb:33:in `call'
railties (6.0.3.3) lib/rails/rack/logger.rb:37:in `call_app'
railties (6.0.3.3) lib/rails/rack/logger.rb:26:in `block in call'
activesupport (6.0.3.3) lib/active_support/tagged_logging.rb:80:in `block in tagged'
activesupport (6.0.3.3) lib/active_support/tagged_logging.rb:28:in `tagged'
activesupport (6.0.3.3) lib/active_support/tagged_logging.rb:80:in `tagged'
railties (6.0.3.3) lib/rails/rack/logger.rb:26:in `call'
sprockets-rails (3.2.2) lib/sprockets/rails/quiet_assets.rb:13:in `call'
actionpack (6.0.3.3) lib/action_dispatch/middleware/remote_ip.rb:81:in `call'
actionpack (6.0.3.3) lib/action_dispatch/middleware/request_id.rb:27:in `call'
rack (2.2.3) lib/rack/method_override.rb:24:in `call'
rack (2.2.3) lib/rack/runtime.rb:22:in `call'
activesupport (6.0.3.3) lib/active_support/cache/strategy/local_cache_middleware.rb:29:in `call'
actionpack (6.0.3.3) lib/action_dispatch/middleware/executor.rb:14:in `call'
actionpack (6.0.3.3) lib/action_dispatch/middleware/static.rb:126:in `call'
rack (2.2.3) lib/rack/sendfile.rb:110:in `call'
actionpack (6.0.3.3) lib/action_dispatch/middleware/host_authorization.rb:82:in `call'
webpacker (4.3.0) lib/webpacker/dev_server_proxy.rb:23:in `perform_request'
rack-proxy (0.6.5) lib/rack/proxy.rb:57:in `call'
railties (6.0.3.3) lib/rails/engine.rb:527:in `call'
puma (4.3.6) lib/puma/configuration.rb:228:in `call'
puma (4.3.6) lib/puma/server.rb:713:in `handle_request'
puma (4.3.6) lib/puma/server.rb:472:in `process_client'
puma (4.3.6) lib/puma/server.rb:328:in `block in run'
puma (4.3.6) lib/puma/thread_pool.rb:134:in `block in spawn_thread'
Started GET "/signup" for ::1 at 2020-09-28 16:50:02 -0400
Processing by UsersController#new as HTML
  Rendering users/new.html.erb within layouts/application
  Rendered users/new.html.erb within layouts/application (Duration: 1.6ms | Allocations: 1192)
[Webpacker] Everything's up-to-date. Nothing to do
Completed 200 OK in 63ms (Views: 32.6ms | ActiveRecord: 1.0ms | Allocations: 11114)


Started POST "/users" for ::1 at 2020-09-28 16:50:16 -0400
  
ActionController::RoutingError (No route matches [POST] "/users"):
  
actionpack (6.0.3.3) lib/action_dispatch/middleware/debug_exceptions.rb:36:in `call'
web-console (4.0.4) lib/web_console/middleware.rb:132:in `call_app'
web-console (4.0.4) lib/web_console/middleware.rb:28:in `block in call'
web-console (4.0.4) lib/web_console/middleware.rb:17:in `catch'
web-console (4.0.4) lib/web_console/middleware.rb:17:in `call'
actionpack (6.0.3.3) lib/action_dispatch/middleware/show_exceptions.rb:33:in `call'
railties (6.0.3.3) lib/rails/rack/logger.rb:37:in `call_app'
railties (6.0.3.3) lib/rails/rack/logger.rb:26:in `block in call'
activesupport (6.0.3.3) lib/active_support/tagged_logging.rb:80:in `block in tagged'
activesupport (6.0.3.3) lib/active_support/tagged_logging.rb:28:in `tagged'
activesupport (6.0.3.3) lib/active_support/tagged_logging.rb:80:in `tagged'
railties (6.0.3.3) lib/rails/rack/logger.rb:26:in `call'
sprockets-rails (3.2.2) lib/sprockets/rails/quiet_assets.rb:13:in `call'
actionpack (6.0.3.3) lib/action_dispatch/middleware/remote_ip.rb:81:in `call'
actionpack (6.0.3.3) lib/action_dispatch/middleware/request_id.rb:27:in `call'
rack (2.2.3) lib/rack/method_override.rb:24:in `call'
rack (2.2.3) lib/rack/runtime.rb:22:in `call'
activesupport (6.0.3.3) lib/active_support/cache/strategy/local_cache_middleware.rb:29:in `call'
actionpack (6.0.3.3) lib/action_dispatch/middleware/executor.rb:14:in `call'
actionpack (6.0.3.3) lib/action_dispatch/middleware/static.rb:126:in `call'
rack (2.2.3) lib/rack/sendfile.rb:110:in `call'
actionpack (6.0.3.3) lib/action_dispatch/middleware/host_authorization.rb:82:in `call'
webpacker (4.3.0) lib/webpacker/dev_server_proxy.rb:23:in `perform_request'
rack-proxy (0.6.5) lib/rack/proxy.rb:57:in `call'
railties (6.0.3.3) lib/rails/engine.rb:527:in `call'
puma (4.3.6) lib/puma/configuration.rb:228:in `call'
puma (4.3.6) lib/puma/server.rb:713:in `handle_request'
puma (4.3.6) lib/puma/server.rb:472:in `process_client'
puma (4.3.6) lib/puma/server.rb:328:in `block in run'
puma (4.3.6) lib/puma/thread_pool.rb:134:in `block in spawn_thread'
Started POST "/users" for ::1 at 2020-09-28 16:52:20 -0400
  [1m[35m (0.1ms)[0m  [1m[34mSELECT sqlite_version(*)[0m
  
ActionController::RoutingError (No route matches [POST] "/users"):
  
actionpack (6.0.3.3) lib/action_dispatch/middleware/debug_exceptions.rb:36:in `call'
web-console (4.0.4) lib/web_console/middleware.rb:132:in `call_app'
web-console (4.0.4) lib/web_console/middleware.rb:28:in `block in call'
web-console (4.0.4) lib/web_console/middleware.rb:17:in `catch'
web-console (4.0.4) lib/web_console/middleware.rb:17:in `call'
actionpack (6.0.3.3) lib/action_dispatch/middleware/show_exceptions.rb:33:in `call'
railties (6.0.3.3) lib/rails/rack/logger.rb:37:in `call_app'
railties (6.0.3.3) lib/rails/rack/logger.rb:26:in `block in call'
activesupport (6.0.3.3) lib/active_support/tagged_logging.rb:80:in `block in tagged'
activesupport (6.0.3.3) lib/active_support/tagged_logging.rb:28:in `tagged'
activesupport (6.0.3.3) lib/active_support/tagged_logging.rb:80:in `tagged'
railties (6.0.3.3) lib/rails/rack/logger.rb:26:in `call'
sprockets-rails (3.2.2) lib/sprockets/rails/quiet_assets.rb:13:in `call'
actionpack (6.0.3.3) lib/action_dispatch/middleware/remote_ip.rb:81:in `call'
actionpack (6.0.3.3) lib/action_dispatch/middleware/request_id.rb:27:in `call'
rack (2.2.3) lib/rack/method_override.rb:24:in `call'
rack (2.2.3) lib/rack/runtime.rb:22:in `call'
activesupport (6.0.3.3) lib/active_support/cache/strategy/local_cache_middleware.rb:29:in `call'
actionpack (6.0.3.3) lib/action_dispatch/middleware/executor.rb:14:in `call'
actionpack (6.0.3.3) lib/action_dispatch/middleware/static.rb:126:in `call'
rack (2.2.3) lib/rack/sendfile.rb:110:in `call'
actionpack (6.0.3.3) lib/action_dispatch/middleware/host_authorization.rb:82:in `call'
webpacker (4.3.0) lib/webpacker/dev_server_proxy.rb:23:in `perform_request'
rack-proxy (0.6.5) lib/rack/proxy.rb:57:in `call'
railties (6.0.3.3) lib/rails/engine.rb:527:in `call'
puma (4.3.6) lib/puma/configuration.rb:228:in `call'
puma (4.3.6) lib/puma/server.rb:713:in `handle_request'
puma (4.3.6) lib/puma/server.rb:472:in `process_client'
puma (4.3.6) lib/puma/server.rb:328:in `block in run'
puma (4.3.6) lib/puma/thread_pool.rb:134:in `block in spawn_thread'
Started GET "/signup" for ::1 at 2020-09-28 16:52:24 -0400
Processing by UsersController#new as HTML
  Rendering users/new.html.erb within layouts/application
  Rendered users/new.html.erb within layouts/application (Duration: 441.8ms | Allocations: 75037)
Completed 500 Internal Server Error in 471ms (ActiveRecord: 0.8ms | Allocations: 81344)


  
ActionView::Template::Error (undefined method `users_path' for #<#<Class:0x00007fe883dba808>:0x00007fe883db88a0>
Did you mean?  user_path):
    1: <%= form_for @user do |f| %>
    2: <div class="field_with_errors">
    3:   <%= f.label :name %>
    4:   <%= f.text_field :name %>
  
app/views/users/new.html.erb:1
Started PUT "/__web_console/repl_sessions/a2b68e78cfa46202778869af286f0a18" for ::1 at 2020-09-28 16:53:13 -0400
Started PUT "/__web_console/repl_sessions/a2b68e78cfa46202778869af286f0a18" for ::1 at 2020-09-28 16:53:14 -0400
Started PUT "/__web_console/repl_sessions/a2b68e78cfa46202778869af286f0a18" for ::1 at 2020-09-28 16:53:14 -0400
Started PUT "/__web_console/repl_sessions/a2b68e78cfa46202778869af286f0a18" for ::1 at 2020-09-28 16:53:20 -0400
Started PUT "/__web_console/repl_sessions/a2b68e78cfa46202778869af286f0a18" for ::1 at 2020-09-28 16:53:24 -0400
Started PUT "/__web_console/repl_sessions/a2b68e78cfa46202778869af286f0a18" for ::1 at 2020-09-28 16:53:34 -0400
Started GET "/signup" for ::1 at 2020-09-28 16:54:26 -0400
  [1m[35m (0.1ms)[0m  [1m[34mSELECT sqlite_version(*)[0m
Processing by UsersController#new as HTML
  Rendering users/new.html.erb within layouts/application
  Rendered users/new.html.erb within layouts/application (Duration: 3.0ms | Allocations: 1412)
[Webpacker] Everything's up-to-date. Nothing to do
Completed 200 OK in 36ms (Views: 33.2ms | ActiveRecord: 0.0ms | Allocations: 6434)


Started POST "/signup" for ::1 at 2020-09-28 16:54:33 -0400
Processing by UsersController#create as HTML
  Parameters: {"authenticity_token"=>"lIRY66z+WEznIB61pmsPR5CkdiXhjy6XkJj7e5IzyPamcIZlWhlhVl+zdaS5FKn9EAlhglHn6LHPC1P5R/Pr6g==", "user"=>{"name"=>"Yunhao Gao", "email"=>"as510891328@gmail.com", "password"=>"[FILTERED]", "password_confirmation"=>"[FILTERED]"}, "commit"=>"Sign Up"}
  [1m[35m (0.1ms)[0m  [1m[36mbegin transaction[0m
  ↳ app/controllers/users_controller.rb:11:in `create'
  [1m[36mUser Exists? (0.4ms)[0m  [1m[34mSELECT 1 AS one FROM "users" WHERE "users"."email" = ? LIMIT ?[0m  [["email", "as510891328@gmail.com"], ["LIMIT", 1]]
  ↳ app/controllers/users_controller.rb:11:in `create'
  [1m[35m (0.1ms)[0m  [1m[31mrollback transaction[0m
  ↳ app/controllers/users_controller.rb:11:in `create'
  [1m[35m (0.1ms)[0m  [1m[36mbegin transaction[0m
  ↳ app/controllers/users_controller.rb:12:in `create'
  [1m[36mUser Exists? (4.5ms)[0m  [1m[34mSELECT 1 AS one FROM "users" WHERE "users"."email" = ? LIMIT ?[0m  [["email", "as510891328@gmail.com"], ["LIMIT", 1]]
  ↳ app/controllers/users_controller.rb:12:in `create'
  [1m[35m (0.1ms)[0m  [1m[31mrollback transaction[0m
  ↳ app/controllers/users_controller.rb:12:in `create'
Redirected to http://localhost:3000/signup
Completed 302 Found in 343ms (ActiveRecord: 5.8ms | Allocations: 14435)


Started GET "/signup" for ::1 at 2020-09-28 16:54:33 -0400
Processing by UsersController#new as HTML
  Rendering users/new.html.erb within layouts/application
  Rendered users/new.html.erb within layouts/application (Duration: 1.1ms | Allocations: 679)
[Webpacker] Everything's up-to-date. Nothing to do
Completed 200 OK in 14ms (Views: 13.3ms | ActiveRecord: 0.0ms | Allocations: 4820)


Started POST "/signup" for ::1 at 2020-09-28 16:57:01 -0400
Processing by UsersController#create as HTML
  Parameters: {"authenticity_token"=>"rfnlCZR7NTM5kA72jfDvRa5bMTKhya2fUwVhaSiGUYKfDTuHYpwMKYEDZeeSj0n/LvYmlRGha7kMlsnr/UZyng==", "user"=>{"name"=>"Yunhao Gao", "email"=>"as510891328@gmail.com", "password"=>"[FILTERED]", "password_confirmation"=>"[FILTERED]"}, "commit"=>"Sign Up"}
  [1m[35m (0.1ms)[0m  [1m[36mbegin transaction[0m
  ↳ app/controllers/users_controller.rb:11:in `create'
  [1m[36mUser Exists? (0.2ms)[0m  [1m[34mSELECT 1 AS one FROM "users" WHERE "users"."email" = ? LIMIT ?[0m  [["email", "as510891328@gmail.com"], ["LIMIT", 1]]
  ↳ app/controllers/users_controller.rb:11:in `create'
  [1m[35m (0.1ms)[0m  [1m[31mrollback transaction[0m
  ↳ app/controllers/users_controller.rb:11:in `create'
  [1m[35m (0.1ms)[0m  [1m[36mbegin transaction[0m
  ↳ app/controllers/users_controller.rb:12:in `create'
  [1m[36mUser Exists? (0.1ms)[0m  [1m[34mSELECT 1 AS one FROM "users" WHERE "users"."email" = ? LIMIT ?[0m  [["email", "as510891328@gmail.com"], ["LIMIT", 1]]
  ↳ app/controllers/users_controller.rb:12:in `create'
  [1m[35m (0.0ms)[0m  [1m[31mrollback transaction[0m
  ↳ app/controllers/users_controller.rb:12:in `create'
Redirected to http://localhost:3000/signup
Completed 302 Found in 326ms (ActiveRecord: 0.5ms | Allocations: 7956)


Started GET "/signup" for ::1 at 2020-09-28 16:57:01 -0400
  [1m[35m (0.1ms)[0m  [1m[34mSELECT sqlite_version(*)[0m
Processing by UsersController#new as HTML
  Rendering users/new.html.erb within layouts/application
  Rendered users/new.html.erb within layouts/application (Duration: 504.8ms | Allocations: 147532)
Completed 500 Internal Server Error in 511ms (ActiveRecord: 0.0ms | Allocations: 148790)


  
ActionView::Template::Error (undefined local variable or method `user' for #<#<Class:0x00007fe8824c8660>:0x00007fe8824d2d90>
Did you mean?  super):
    1: <%= form_for :user do |f| %>
    2: <% if user.errors.any? %>
    3:   <% user.error.full_messages do |msg| %>
    4:   <ul>
    5:     <li><%= msg %></li>
  
app/views/users/new.html.erb:2
app/views/users/new.html.erb:1
Started GET "/signup" for ::1 at 2020-09-28 16:57:12 -0400
Processing by UsersController#new as HTML
  Rendering users/new.html.erb within layouts/application
  Rendered users/new.html.erb within layouts/application (Duration: 3.4ms | Allocations: 1692)
Completed 500 Internal Server Error in 7ms (ActiveRecord: 0.0ms | Allocations: 2943)


  
ActionView::Template::Error (undefined method `errors' for :user:Symbol):
    1: <%= form_for :user do |f| %>
    2: <% if :user.errors.any? %>
    3:   <% user.error.full_messages do |msg| %>
    4:   <ul>
    5:     <li><%= msg %></li>
  
app/views/users/new.html.erb:2
app/views/users/new.html.erb:1
Started PUT "/__web_console/repl_sessions/5c2289b1b66d35d26777634d27023ad7" for ::1 at 2020-09-28 17:04:39 -0400
Started PUT "/__web_console/repl_sessions/5c2289b1b66d35d26777634d27023ad7" for ::1 at 2020-09-28 17:04:39 -0400
Started PUT "/__web_console/repl_sessions/5c2289b1b66d35d26777634d27023ad7" for ::1 at 2020-09-28 17:04:44 -0400
Started PUT "/__web_console/repl_sessions/5c2289b1b66d35d26777634d27023ad7" for ::1 at 2020-09-28 17:04:45 -0400
Started PUT "/__web_console/repl_sessions/5c2289b1b66d35d26777634d27023ad7" for ::1 at 2020-09-28 17:04:49 -0400
Started PUT "/__web_console/repl_sessions/5c2289b1b66d35d26777634d27023ad7" for ::1 at 2020-09-28 17:04:55 -0400
Started PUT "/__web_console/repl_sessions/5c2289b1b66d35d26777634d27023ad7" for ::1 at 2020-09-28 17:04:57 -0400
Started PUT "/__web_console/repl_sessions/5c2289b1b66d35d26777634d27023ad7" for ::1 at 2020-09-28 17:04:59 -0400
Started PUT "/__web_console/repl_sessions/5c2289b1b66d35d26777634d27023ad7" for ::1 at 2020-09-28 17:05:02 -0400
Started PUT "/__web_console/repl_sessions/5c2289b1b66d35d26777634d27023ad7" for ::1 at 2020-09-28 17:05:09 -0400
Started PUT "/__web_console/repl_sessions/5c2289b1b66d35d26777634d27023ad7" for ::1 at 2020-09-28 17:05:25 -0400
Started PUT "/__web_console/repl_sessions/5c2289b1b66d35d26777634d27023ad7" for ::1 at 2020-09-28 17:05:26 -0400
Started GET "/signup" for ::1 at 2020-09-28 17:05:43 -0400
  [1m[35m (0.2ms)[0m  [1m[34mSELECT sqlite_version(*)[0m
Processing by UsersController#new as HTML
  Rendering users/new.html.erb within layouts/application
  Rendered users/new.html.erb within layouts/application (Duration: 9.4ms | Allocations: 1648)
Completed 500 Internal Server Error in 19ms (ActiveRecord: 0.0ms | Allocations: 2899)


  
ActionView::Template::Error (undefined method `errors' for nil:NilClass):
    1: <%= form_for :user do |f| %>
    2: <% if @user.errors.any? %>
    3:   <% user.error.full_messages do |msg| %>
    4:   <ul>
    5:     <li><%= msg %></li>
  
app/views/users/new.html.erb:2
app/views/users/new.html.erb:1
Started PUT "/__web_console/repl_sessions/6ebab68f31d9261ba22bc5cb64c04c1e" for ::1 at 2020-09-28 17:05:47 -0400
Started PUT "/__web_console/repl_sessions/6ebab68f31d9261ba22bc5cb64c04c1e" for ::1 at 2020-09-28 17:05:48 -0400
Started PUT "/__web_console/repl_sessions/6ebab68f31d9261ba22bc5cb64c04c1e" for ::1 at 2020-09-28 17:05:50 -0400
